{"/Users/tgnc/proj/do-not-force/src/helpers/get-random-percent.ts": {"path":"/Users/tgnc/proj/do-not-force/src/helpers/get-random-percent.ts","statementMap":{"0":{"start":{"line":1,"column":0},"end":{"line":1,"column":33}},"1":{"start":{"line":4,"column":19},"end":{"line":4,"column":31}},"2":{"start":{"line":5,"column":4},"end":{"line":5,"column":62}},"3":{"start":{"line":3,"column":0},"end":{"line":3,"column":24}}},"fnMap":{"0":{"name":"default_1","decl":{"start":{"line":3,"column":0},"end":{"line":3,"column":24}},"loc":{"start":{"line":3,"column":50},"end":{"line":6,"column":1}}}},"branchMap":{"0":{"loc":{"start":{"line":5,"column":33},"end":{"line":5,"column":36}},"type":"binary-expr","locations":[{"start":{"line":5,"column":33},"end":{"line":5,"column":36}},{"start":{"line":5,"column":40},"end":{"line":5,"column":41}}]},"1":{"loc":{"start":{"line":5,"column":48},"end":{"line":5,"column":51}},"type":"binary-expr","locations":[{"start":{"line":5,"column":48},"end":{"line":5,"column":51}},{"start":{"line":5,"column":55},"end":{"line":5,"column":58}}]}},"s":{"0":1,"1":2,"2":2,"3":1},"f":{"0":2},"b":{"0":[2,1],"1":[2,1]}}
}
